TN:
SF:src\config\envs.ts
FNF:0
FNH:0
DA:1,1
DA:2,1
DA:3,1
DA:4,1
DA:5,1
DA:6,1
DA:7,1
LF:7
LH:7
BRF:0
BRH:0
end_of_record
TN:
SF:src\data\postgres\index.ts
FNF:0
FNH:0
DA:1,1
DA:2,1
DA:3,1
LF:3
LH:3
BRF:0
BRH:0
end_of_record
TN:
SF:src\domain\dtos\todos\create-todo.dto.ts
FN:2,CreateTodoDto
FN:6,create
FNF:2
FNH:2
FNDA:1,CreateTodoDto
FNDA:3,create
DA:1,1
DA:2,1
DA:3,1
DA:4,1
DA:5,1
DA:6,1
DA:7,3
DA:8,3
DA:9,1
DA:10,1
DA:11,1
LF:11
LH:11
BRDA:2,0,0,1
BRDA:6,1,0,3
BRDA:8,2,0,1
BRDA:8,3,0,2
BRDA:8,4,0,1
BRF:5
BRH:5
end_of_record
TN:
SF:src\domain\dtos\todos\update-todo.dto.ts
FN:2,UpdateTodoDto
FN:8,get values
FN:16,create
FNF:3
FNH:3
FNDA:3,UpdateTodoDto
FNDA:2,get values
FNDA:3,create
DA:1,1
DA:2,1
DA:3,3
DA:4,3
DA:5,3
DA:6,3
DA:7,1
DA:8,1
DA:9,2
DA:10,2
DA:11,2
DA:12,2
DA:13,2
DA:14,2
DA:15,1
DA:16,1
DA:17,3
DA:18,3
DA:19,3
DA:20,3
DA:21,3
DA:22,3
DA:23,3
DA:24,3
DA:25,0
DA:26,3
DA:27,3
DA:28,3
DA:29,3
DA:30,3
DA:31,1
DA:32,1
LF:32
LH:31
BRDA:2,0,0,3
BRDA:8,1,0,2
BRDA:10,2,0,1
BRDA:16,3,0,3
BRDA:20,4,0,0
BRDA:24,5,0,0
BRF:6
BRH:4
end_of_record
TN:
SF:src\domain\entities\todo.entity.ts
FN:2,TodoEntity
FN:8,get isCompleted
FN:12,fromObject
FNF:3
FNH:2
FNDA:10,TodoEntity
FNDA:0,get isCompleted
FNDA:10,fromObject
DA:1,1
DA:2,1
DA:3,10
DA:4,10
DA:5,10
DA:6,10
DA:7,1
DA:8,1
DA:9,0
DA:10,0
DA:11,1
DA:12,1
DA:13,10
DA:14,10
DA:15,10
DA:16,10
DA:17,10
DA:18,2
DA:19,2
DA:20,0
DA:21,0
DA:22,2
DA:23,10
DA:24,10
DA:25,10
DA:26,10
DA:27,10
DA:28,1
LF:28
LH:24
BRDA:2,0,0,10
BRDA:12,1,0,10
BRDA:14,2,0,0
BRDA:15,3,0,0
BRDA:17,4,0,2
BRDA:19,5,0,0
BRF:6
BRH:3
end_of_record
TN:
SF:src\domain\errors\custom.error.ts
FN:2,CustomError
FNF:1
FNH:1
FNDA:3,CustomError
DA:1,1
DA:2,1
DA:3,3
DA:4,3
DA:5,3
DA:6,3
DA:7,3
DA:8,1
LF:8
LH:8
BRDA:2,0,0,3
BRF:1
BRH:1
end_of_record
TN:
SF:src\domain\use-cases\todos\create-todo.ts
FN:11,CreateTodo
FN:15,execute
FNF:2
FNH:2
FNDA:1,CreateTodo
FNDA:1,execute
DA:1,1
DA:2,1
DA:3,1
DA:4,1
DA:5,1
DA:6,1
DA:7,1
DA:8,1
DA:9,1
DA:10,1
DA:11,1
DA:12,1
DA:13,1
DA:14,1
DA:15,1
DA:16,1
DA:17,1
DA:18,1
LF:18
LH:18
BRDA:11,0,0,1
BRDA:15,1,0,1
BRF:2
BRH:2
end_of_record
TN:
SF:src\domain\use-cases\todos\delete-todo.ts
FN:10,DeleteTodo
FN:14,execute
FNF:2
FNH:2
FNDA:2,DeleteTodo
FNDA:2,execute
DA:1,1
DA:2,1
DA:3,1
DA:4,1
DA:5,1
DA:6,1
DA:7,1
DA:8,1
DA:9,1
DA:10,1
DA:11,2
DA:12,2
DA:13,1
DA:14,1
DA:15,2
DA:16,2
DA:17,1
LF:17
LH:17
BRDA:10,0,0,2
BRDA:14,1,0,2
BRF:2
BRH:2
end_of_record
TN:
SF:src\domain\use-cases\todos\get-todo.ts
FN:10,GetTodo
FN:14,execute
FNF:2
FNH:2
FNDA:2,GetTodo
FNDA:2,execute
DA:1,1
DA:2,1
DA:3,1
DA:4,1
DA:5,1
DA:6,1
DA:7,1
DA:8,1
DA:9,1
DA:10,1
DA:11,2
DA:12,2
DA:13,1
DA:14,1
DA:15,2
DA:16,2
DA:17,1
LF:17
LH:17
BRDA:10,0,0,2
BRDA:14,1,0,2
BRF:2
BRH:2
end_of_record
TN:
SF:src\domain\use-cases\todos\get-todos.ts
FN:10,GetTodos
FN:14,execute
FNF:2
FNH:2
FNDA:1,GetTodos
FNDA:1,execute
DA:1,1
DA:2,1
DA:3,1
DA:4,1
DA:5,1
DA:6,1
DA:7,1
DA:8,1
DA:9,1
DA:10,1
DA:11,1
DA:12,1
DA:13,1
DA:14,1
DA:15,1
DA:16,1
DA:17,1
LF:17
LH:17
BRDA:10,0,0,1
BRDA:14,1,0,1
BRF:2
BRH:2
end_of_record
TN:
SF:src\domain\use-cases\todos\update-todo.ts
FN:11,UpdateTodo
FN:15,execute
FNF:2
FNH:2
FNDA:3,UpdateTodo
FNDA:3,execute
DA:1,1
DA:2,1
DA:3,1
DA:4,1
DA:5,1
DA:6,1
DA:7,1
DA:8,1
DA:9,1
DA:10,1
DA:11,1
DA:12,3
DA:13,3
DA:14,1
DA:15,1
DA:16,3
DA:17,3
DA:18,1
LF:18
LH:18
BRDA:11,0,0,3
BRDA:15,1,0,3
BRF:2
BRH:2
end_of_record
TN:
SF:src\infrastructure\datasource\todo.datasource.impl.ts
FN:9,create
FN:16,getAll
FN:20,findById
FN:25,updateById
FN:34,deleteById
FNF:5
FNH:5
FNDA:1,create
FNDA:1,getAll
FNDA:7,findById
FNDA:3,updateById
FNDA:2,deleteById
DA:1,1
DA:2,1
DA:3,1
DA:4,1
DA:5,1
DA:6,1
DA:7,1
DA:8,1
DA:9,1
DA:10,1
DA:11,1
DA:12,1
DA:13,1
DA:14,1
DA:15,1
DA:16,1
DA:17,1
DA:18,1
DA:19,1
DA:20,1
DA:21,7
DA:22,7
DA:23,4
DA:24,4
DA:25,1
DA:26,3
DA:27,3
DA:28,2
DA:29,2
DA:30,2
DA:31,2
DA:32,2
DA:33,2
DA:34,1
DA:35,2
DA:36,1
DA:37,1
DA:38,1
DA:39,1
DA:40,1
LF:40
LH:40
BRDA:9,0,0,1
BRDA:16,1,0,1
BRDA:18,2,0,2
BRDA:20,3,0,7
BRDA:22,4,0,3
BRDA:23,5,0,4
BRDA:25,6,0,3
BRDA:28,7,0,2
BRDA:34,8,0,2
BRDA:36,9,0,1
BRF:10
BRH:10
end_of_record
TN:
SF:src\infrastructure\repository\todo.repository.impl.ts
FN:9,TodoRepositoryImpl
FN:13,create
FN:16,getAll
FN:19,findById
FN:22,updateById
FN:25,deleteById
FNF:6
FNH:6
FNDA:1,TodoRepositoryImpl
FNDA:1,create
FNDA:1,getAll
FNDA:2,findById
FNDA:3,updateById
FNDA:2,deleteById
DA:1,1
DA:2,1
DA:3,1
DA:4,1
DA:5,1
DA:6,1
DA:7,1
DA:8,1
DA:9,1
DA:10,1
DA:11,1
DA:12,1
DA:13,1
DA:14,1
DA:15,1
DA:16,1
DA:17,1
DA:18,1
DA:19,1
DA:20,2
DA:21,2
DA:22,1
DA:23,3
DA:24,3
DA:25,1
DA:26,2
DA:27,2
DA:28,1
DA:29,1
LF:29
LH:29
BRDA:9,0,0,1
BRDA:13,1,0,1
BRDA:16,2,0,1
BRDA:19,3,0,2
BRDA:22,4,0,3
BRDA:25,5,0,2
BRF:6
BRH:6
end_of_record
TN:
SF:src\presentation\routes.ts
FN:5,get routes
FNF:1
FNH:1
FNDA:1,get routes
DA:1,1
DA:2,1
DA:3,1
DA:4,1
DA:5,1
DA:6,1
DA:7,1
DA:8,1
DA:9,1
DA:10,1
DA:11,1
DA:12,1
LF:12
LH:12
BRDA:5,0,0,1
BRF:1
BRH:1
end_of_record
TN:
SF:src\presentation\server.ts
FN:17,Server
FN:24,start
FN:47,close
FNF:3
FNH:3
FNDA:1,Server
FNDA:1,start
FNDA:1,close
DA:1,1
DA:2,1
DA:3,1
DA:4,1
DA:5,1
DA:6,1
DA:7,1
DA:8,1
DA:9,1
DA:10,1
DA:11,1
DA:12,1
DA:13,1
DA:14,1
DA:15,1
DA:16,1
DA:17,1
DA:18,1
DA:19,1
DA:20,1
DA:21,1
DA:22,1
DA:23,1
DA:24,1
DA:25,1
DA:26,1
DA:27,1
DA:28,1
DA:29,1
DA:30,1
DA:31,1
DA:32,1
DA:33,1
DA:34,1
DA:35,1
DA:36,1
DA:37,1
DA:38,0
DA:39,0
DA:40,1
DA:41,1
DA:42,1
DA:43,1
DA:44,1
DA:45,1
DA:46,1
DA:47,1
DA:48,1
DA:49,1
DA:50,1
LF:50
LH:48
BRDA:17,0,0,1
BRDA:24,1,0,1
BRDA:42,2,0,1
BRDA:47,3,0,1
BRDA:48,4,0,0
BRF:5
BRH:4
end_of_record
TN:
SF:src\presentation\todos\controller.ts
FN:14,TodosController
FN:19,TodosController.handleError
FN:28,TodosController.getTodos
FN:35,TodosController.getTodoById
FN:44,TodosController.createTodo
FN:54,TodosController.updateTodo
FN:68,TodosController.deleteTodo
FNF:7
FNH:7
FNDA:1,TodosController
FNDA:3,TodosController.handleError
FNDA:1,TodosController.getTodos
FNDA:2,TodosController.getTodoById
FNDA:3,TodosController.createTodo
FNDA:3,TodosController.updateTodo
FNDA:2,TodosController.deleteTodo
DA:1,1
DA:2,1
DA:3,1
DA:4,1
DA:5,1
DA:6,1
DA:7,1
DA:8,1
DA:9,1
DA:10,1
DA:11,1
DA:12,1
DA:13,1
DA:14,1
DA:15,1
DA:16,1
DA:17,1
DA:18,1
DA:19,1
DA:20,3
DA:21,3
DA:22,3
DA:23,3
DA:24,0
DA:25,0
DA:26,0
DA:27,1
DA:28,1
DA:29,1
DA:30,1
DA:31,1
DA:32,1
DA:33,1
DA:34,1
DA:35,1
DA:36,2
DA:37,2
DA:38,2
DA:39,2
DA:40,2
DA:41,2
DA:42,2
DA:43,1
DA:44,1
DA:45,3
DA:46,3
DA:47,1
DA:48,1
DA:49,1
DA:50,1
DA:51,1
DA:52,1
DA:53,1
DA:54,1
DA:55,3
DA:56,3
DA:57,3
DA:58,3
DA:59,3
DA:60,3
DA:61,3
DA:62,3
DA:63,3
DA:64,3
DA:65,3
DA:66,3
DA:67,1
DA:68,1
DA:69,2
DA:70,2
DA:71,2
DA:72,2
DA:73,2
DA:74,2
DA:75,1
DA:76,1
LF:76
LH:73
BRDA:14,0,0,1
BRDA:19,1,0,3
BRDA:24,2,0,0
BRDA:28,3,0,1
BRDA:31,4,0,1
BRDA:35,5,0,2
BRDA:40,6,0,1
BRDA:41,7,0,1
BRDA:44,8,0,3
BRDA:46,9,0,2
BRDA:47,10,0,1
BRDA:50,11,0,1
BRDA:54,12,0,3
BRDA:60,13,0,0
BRDA:64,14,0,2
BRDA:65,15,0,1
BRDA:68,16,0,2
BRDA:72,17,0,1
BRDA:73,18,0,1
BRF:19
BRH:17
end_of_record
TN:
SF:src\presentation\todos\routes.ts
FN:9,get routes
FNF:1
FNH:1
FNDA:1,get routes
DA:1,1
DA:2,1
DA:3,1
DA:4,1
DA:5,1
DA:6,1
DA:7,1
DA:8,1
DA:9,1
DA:10,1
DA:11,1
DA:12,1
DA:13,1
DA:14,1
DA:15,1
DA:16,1
DA:17,1
DA:18,1
DA:19,1
DA:20,1
DA:21,1
DA:22,1
DA:23,1
DA:24,1
DA:25,1
LF:25
LH:25
BRDA:9,0,0,1
BRF:1
BRH:1
end_of_record
TN:
SF:tests\test-server.ts
FNF:0
FNH:0
DA:1,1
DA:2,1
DA:3,1
DA:4,1
DA:5,1
DA:6,1
DA:7,1
DA:8,1
LF:8
LH:8
BRF:0
BRH:0
end_of_record
